CRITICAL - 2022-10-31 13:58:48 --> Undefined property: App\Controllers\API\Receta::$setModel
in APPPATH\Controllers\API\Receta.php on line 10.
 1 APPPATH\Controllers\API\Receta.php(10): CodeIgniter\Debug\Exceptions->errorHandler(2, 'Undefined property: App\\Controllers\\API\\Receta::$setModel', 'APPPATH\\Controllers\\API\\Receta.php', 10)
 2 SYSTEMPATH\CodeIgniter.php(889): App\Controllers\API\Receta->__construct()
 3 SYSTEMPATH\CodeIgniter.php(473): CodeIgniter\CodeIgniter->createController()
 4 SYSTEMPATH\CodeIgniter.php(351): CodeIgniter\CodeIgniter->handleRequest(null, Object(Config\Cache), false)
 5 FCPATH\index.php(67): CodeIgniter\CodeIgniter->run()
 6 SYSTEMPATH\Commands\Server\rewrite.php(46): require_once('FCPATH\\index.php')
ERROR - 2022-10-31 18:05:08 --> mysqli_sql_exception: Duplicate entry '0' for key 'PRIMARY' in C:\prog\APIRECETAPP\system\Database\MySQLi\Connection.php:292
Stack trace:
#0 C:\prog\APIRECETAPP\system\Database\MySQLi\Connection.php(292): mysqli->query('INSERT INTO `pl...', 0)
#1 C:\prog\APIRECETAPP\system\Database\BaseConnection.php(666): CodeIgniter\Database\MySQLi\Connection->execute('INSERT INTO `pl...')
#2 C:\prog\APIRECETAPP\system\Database\BaseConnection.php(593): CodeIgniter\Database\BaseConnection->simpleQuery('INSERT INTO `pl...')
#3 C:\prog\APIRECETAPP\system\Database\BaseBuilder.php(1916): CodeIgniter\Database\BaseConnection->query('INSERT INTO `pl...', Array, false)
#4 C:\prog\APIRECETAPP\system\Model.php(279): CodeIgniter\Database\BaseBuilder->insert()
#5 C:\prog\APIRECETAPP\system\BaseModel.php(749): CodeIgniter\Model->doInsert(Array)
#6 C:\prog\APIRECETAPP\system\Model.php(667): CodeIgniter\BaseModel->insert(Array, true)
#7 C:\prog\APIRECETAPP\app\Controllers\API\PlatoFuerte.php(45): CodeIgniter\Model->insert(Array)
#8 C:\prog\APIRECETAPP\system\CodeIgniter.php(927): App\Controllers\API\PlatoFuerte->create()
#9 C:\prog\APIRECETAPP\system\CodeIgniter.php(482): CodeIgniter\CodeIgniter->runController(Object(App\Controllers\API\PlatoFuerte))
#10 C:\prog\APIRECETAPP\system\CodeIgniter.php(351): CodeIgniter\CodeIgniter->handleRequest(NULL, Object(Config\Cache), false)
#11 C:\prog\APIRECETAPP\public\index.php(67): CodeIgniter\CodeIgniter->run()
#12 C:\prog\APIRECETAPP\system\Commands\Server\rewrite.php(46): require_once('C:\\prog\\APIRECE...')
#13 {main}
ERROR - 2022-10-31 18:05:52 --> mysqli_sql_exception: Duplicate entry '0' for key 'PRIMARY' in C:\prog\APIRECETAPP\system\Database\MySQLi\Connection.php:292
Stack trace:
#0 C:\prog\APIRECETAPP\system\Database\MySQLi\Connection.php(292): mysqli->query('INSERT INTO `pl...', 0)
#1 C:\prog\APIRECETAPP\system\Database\BaseConnection.php(666): CodeIgniter\Database\MySQLi\Connection->execute('INSERT INTO `pl...')
#2 C:\prog\APIRECETAPP\system\Database\BaseConnection.php(593): CodeIgniter\Database\BaseConnection->simpleQuery('INSERT INTO `pl...')
#3 C:\prog\APIRECETAPP\system\Database\BaseBuilder.php(1916): CodeIgniter\Database\BaseConnection->query('INSERT INTO `pl...', Array, false)
#4 C:\prog\APIRECETAPP\system\Model.php(279): CodeIgniter\Database\BaseBuilder->insert()
#5 C:\prog\APIRECETAPP\system\BaseModel.php(749): CodeIgniter\Model->doInsert(Array)
#6 C:\prog\APIRECETAPP\system\Model.php(667): CodeIgniter\BaseModel->insert(Array, true)
#7 C:\prog\APIRECETAPP\app\Controllers\API\PlatoFuerte.php(45): CodeIgniter\Model->insert(Array)
#8 C:\prog\APIRECETAPP\system\CodeIgniter.php(927): App\Controllers\API\PlatoFuerte->create()
#9 C:\prog\APIRECETAPP\system\CodeIgniter.php(482): CodeIgniter\CodeIgniter->runController(Object(App\Controllers\API\PlatoFuerte))
#10 C:\prog\APIRECETAPP\system\CodeIgniter.php(351): CodeIgniter\CodeIgniter->handleRequest(NULL, Object(Config\Cache), false)
#11 C:\prog\APIRECETAPP\public\index.php(67): CodeIgniter\CodeIgniter->run()
#12 C:\prog\APIRECETAPP\system\Commands\Server\rewrite.php(46): require_once('C:\\prog\\APIRECE...')
#13 {main}
ERROR - 2022-10-31 18:08:08 --> mysqli_sql_exception: Duplicate entry '0' for key 'PRIMARY' in C:\prog\APIRECETAPP\system\Database\MySQLi\Connection.php:292
Stack trace:
#0 C:\prog\APIRECETAPP\system\Database\MySQLi\Connection.php(292): mysqli->query('INSERT INTO `pl...', 0)
#1 C:\prog\APIRECETAPP\system\Database\BaseConnection.php(666): CodeIgniter\Database\MySQLi\Connection->execute('INSERT INTO `pl...')
#2 C:\prog\APIRECETAPP\system\Database\BaseConnection.php(593): CodeIgniter\Database\BaseConnection->simpleQuery('INSERT INTO `pl...')
#3 C:\prog\APIRECETAPP\system\Database\BaseBuilder.php(1916): CodeIgniter\Database\BaseConnection->query('INSERT INTO `pl...', Array, false)
#4 C:\prog\APIRECETAPP\system\Model.php(279): CodeIgniter\Database\BaseBuilder->insert()
#5 C:\prog\APIRECETAPP\system\BaseModel.php(749): CodeIgniter\Model->doInsert(Array)
#6 C:\prog\APIRECETAPP\system\Model.php(667): CodeIgniter\BaseModel->insert(Array, true)
#7 C:\prog\APIRECETAPP\app\Controllers\API\PlatoFuerte.php(45): CodeIgniter\Model->insert(Array)
#8 C:\prog\APIRECETAPP\system\CodeIgniter.php(927): App\Controllers\API\PlatoFuerte->create()
#9 C:\prog\APIRECETAPP\system\CodeIgniter.php(482): CodeIgniter\CodeIgniter->runController(Object(App\Controllers\API\PlatoFuerte))
#10 C:\prog\APIRECETAPP\system\CodeIgniter.php(351): CodeIgniter\CodeIgniter->handleRequest(NULL, Object(Config\Cache), false)
#11 C:\prog\APIRECETAPP\public\index.php(67): CodeIgniter\CodeIgniter->run()
#12 C:\prog\APIRECETAPP\system\Commands\Server\rewrite.php(46): require_once('C:\\prog\\APIRECE...')
#13 {main}
ERROR - 2022-10-31 18:08:13 --> mysqli_sql_exception: Duplicate entry '0' for key 'PRIMARY' in C:\prog\APIRECETAPP\system\Database\MySQLi\Connection.php:292
Stack trace:
#0 C:\prog\APIRECETAPP\system\Database\MySQLi\Connection.php(292): mysqli->query('INSERT INTO `pl...', 0)
#1 C:\prog\APIRECETAPP\system\Database\BaseConnection.php(666): CodeIgniter\Database\MySQLi\Connection->execute('INSERT INTO `pl...')
#2 C:\prog\APIRECETAPP\system\Database\BaseConnection.php(593): CodeIgniter\Database\BaseConnection->simpleQuery('INSERT INTO `pl...')
#3 C:\prog\APIRECETAPP\system\Database\BaseBuilder.php(1916): CodeIgniter\Database\BaseConnection->query('INSERT INTO `pl...', Array, false)
#4 C:\prog\APIRECETAPP\system\Model.php(279): CodeIgniter\Database\BaseBuilder->insert()
#5 C:\prog\APIRECETAPP\system\BaseModel.php(749): CodeIgniter\Model->doInsert(Array)
#6 C:\prog\APIRECETAPP\system\Model.php(667): CodeIgniter\BaseModel->insert(Array, true)
#7 C:\prog\APIRECETAPP\app\Controllers\API\PlatoFuerte.php(45): CodeIgniter\Model->insert(Array)
#8 C:\prog\APIRECETAPP\system\CodeIgniter.php(927): App\Controllers\API\PlatoFuerte->create()
#9 C:\prog\APIRECETAPP\system\CodeIgniter.php(482): CodeIgniter\CodeIgniter->runController(Object(App\Controllers\API\PlatoFuerte))
#10 C:\prog\APIRECETAPP\system\CodeIgniter.php(351): CodeIgniter\CodeIgniter->handleRequest(NULL, Object(Config\Cache), false)
#11 C:\prog\APIRECETAPP\public\index.php(67): CodeIgniter\CodeIgniter->run()
#12 C:\prog\APIRECETAPP\system\Commands\Server\rewrite.php(46): require_once('C:\\prog\\APIRECE...')
#13 {main}
ERROR - 2022-10-31 18:10:30 --> mysqli_sql_exception: Duplicate entry '0' for key 'PRIMARY' in C:\prog\APIRECETAPP\system\Database\MySQLi\Connection.php:292
Stack trace:
#0 C:\prog\APIRECETAPP\system\Database\MySQLi\Connection.php(292): mysqli->query('INSERT INTO `pl...', 0)
#1 C:\prog\APIRECETAPP\system\Database\BaseConnection.php(666): CodeIgniter\Database\MySQLi\Connection->execute('INSERT INTO `pl...')
#2 C:\prog\APIRECETAPP\system\Database\BaseConnection.php(593): CodeIgniter\Database\BaseConnection->simpleQuery('INSERT INTO `pl...')
#3 C:\prog\APIRECETAPP\system\Database\BaseBuilder.php(1916): CodeIgniter\Database\BaseConnection->query('INSERT INTO `pl...', Array, false)
#4 C:\prog\APIRECETAPP\system\Model.php(279): CodeIgniter\Database\BaseBuilder->insert()
#5 C:\prog\APIRECETAPP\system\BaseModel.php(749): CodeIgniter\Model->doInsert(Array)
#6 C:\prog\APIRECETAPP\system\Model.php(667): CodeIgniter\BaseModel->insert(Array, true)
#7 C:\prog\APIRECETAPP\app\Controllers\API\PlatoFuerte.php(46): CodeIgniter\Model->insert(Array)
#8 C:\prog\APIRECETAPP\system\CodeIgniter.php(927): App\Controllers\API\PlatoFuerte->create()
#9 C:\prog\APIRECETAPP\system\CodeIgniter.php(482): CodeIgniter\CodeIgniter->runController(Object(App\Controllers\API\PlatoFuerte))
#10 C:\prog\APIRECETAPP\system\CodeIgniter.php(351): CodeIgniter\CodeIgniter->handleRequest(NULL, Object(Config\Cache), false)
#11 C:\prog\APIRECETAPP\public\index.php(67): CodeIgniter\CodeIgniter->run()
#12 C:\prog\APIRECETAPP\system\Commands\Server\rewrite.php(46): require_once('C:\\prog\\APIRECE...')
#13 {main}
ERROR - 2022-10-31 18:10:33 --> mysqli_sql_exception: Duplicate entry '0' for key 'PRIMARY' in C:\prog\APIRECETAPP\system\Database\MySQLi\Connection.php:292
Stack trace:
#0 C:\prog\APIRECETAPP\system\Database\MySQLi\Connection.php(292): mysqli->query('INSERT INTO `pl...', 0)
#1 C:\prog\APIRECETAPP\system\Database\BaseConnection.php(666): CodeIgniter\Database\MySQLi\Connection->execute('INSERT INTO `pl...')
#2 C:\prog\APIRECETAPP\system\Database\BaseConnection.php(593): CodeIgniter\Database\BaseConnection->simpleQuery('INSERT INTO `pl...')
#3 C:\prog\APIRECETAPP\system\Database\BaseBuilder.php(1916): CodeIgniter\Database\BaseConnection->query('INSERT INTO `pl...', Array, false)
#4 C:\prog\APIRECETAPP\system\Model.php(279): CodeIgniter\Database\BaseBuilder->insert()
#5 C:\prog\APIRECETAPP\system\BaseModel.php(749): CodeIgniter\Model->doInsert(Array)
#6 C:\prog\APIRECETAPP\system\Model.php(667): CodeIgniter\BaseModel->insert(Array, true)
#7 C:\prog\APIRECETAPP\app\Controllers\API\PlatoFuerte.php(46): CodeIgniter\Model->insert(Array)
#8 C:\prog\APIRECETAPP\system\CodeIgniter.php(927): App\Controllers\API\PlatoFuerte->create()
#9 C:\prog\APIRECETAPP\system\CodeIgniter.php(482): CodeIgniter\CodeIgniter->runController(Object(App\Controllers\API\PlatoFuerte))
#10 C:\prog\APIRECETAPP\system\CodeIgniter.php(351): CodeIgniter\CodeIgniter->handleRequest(NULL, Object(Config\Cache), false)
#11 C:\prog\APIRECETAPP\public\index.php(67): CodeIgniter\CodeIgniter->run()
#12 C:\prog\APIRECETAPP\system\Commands\Server\rewrite.php(46): require_once('C:\\prog\\APIRECE...')
#13 {main}
ERROR - 2022-10-31 18:10:58 --> mysqli_sql_exception: Duplicate entry '0' for key 'PRIMARY' in C:\prog\APIRECETAPP\system\Database\MySQLi\Connection.php:292
Stack trace:
#0 C:\prog\APIRECETAPP\system\Database\MySQLi\Connection.php(292): mysqli->query('INSERT INTO `pl...', 0)
#1 C:\prog\APIRECETAPP\system\Database\BaseConnection.php(666): CodeIgniter\Database\MySQLi\Connection->execute('INSERT INTO `pl...')
#2 C:\prog\APIRECETAPP\system\Database\BaseConnection.php(593): CodeIgniter\Database\BaseConnection->simpleQuery('INSERT INTO `pl...')
#3 C:\prog\APIRECETAPP\system\Database\BaseBuilder.php(1916): CodeIgniter\Database\BaseConnection->query('INSERT INTO `pl...', Array, false)
#4 C:\prog\APIRECETAPP\system\Model.php(279): CodeIgniter\Database\BaseBuilder->insert()
#5 C:\prog\APIRECETAPP\system\BaseModel.php(749): CodeIgniter\Model->doInsert(Array)
#6 C:\prog\APIRECETAPP\system\Model.php(667): CodeIgniter\BaseModel->insert(Array, true)
#7 C:\prog\APIRECETAPP\app\Controllers\API\PlatoFuerte.php(45): CodeIgniter\Model->insert(Array)
#8 C:\prog\APIRECETAPP\system\CodeIgniter.php(927): App\Controllers\API\PlatoFuerte->create()
#9 C:\prog\APIRECETAPP\system\CodeIgniter.php(482): CodeIgniter\CodeIgniter->runController(Object(App\Controllers\API\PlatoFuerte))
#10 C:\prog\APIRECETAPP\system\CodeIgniter.php(351): CodeIgniter\CodeIgniter->handleRequest(NULL, Object(Config\Cache), false)
#11 C:\prog\APIRECETAPP\public\index.php(67): CodeIgniter\CodeIgniter->run()
#12 C:\prog\APIRECETAPP\system\Commands\Server\rewrite.php(46): require_once('C:\\prog\\APIRECE...')
#13 {main}
ERROR - 2022-10-31 18:11:15 --> mysqli_sql_exception: Duplicate entry '0' for key 'PRIMARY' in C:\prog\APIRECETAPP\system\Database\MySQLi\Connection.php:292
Stack trace:
#0 C:\prog\APIRECETAPP\system\Database\MySQLi\Connection.php(292): mysqli->query('INSERT INTO `pl...', 0)
#1 C:\prog\APIRECETAPP\system\Database\BaseConnection.php(666): CodeIgniter\Database\MySQLi\Connection->execute('INSERT INTO `pl...')
#2 C:\prog\APIRECETAPP\system\Database\BaseConnection.php(593): CodeIgniter\Database\BaseConnection->simpleQuery('INSERT INTO `pl...')
#3 C:\prog\APIRECETAPP\system\Database\BaseBuilder.php(1916): CodeIgniter\Database\BaseConnection->query('INSERT INTO `pl...', Array, false)
#4 C:\prog\APIRECETAPP\system\Model.php(279): CodeIgniter\Database\BaseBuilder->insert()
#5 C:\prog\APIRECETAPP\system\BaseModel.php(749): CodeIgniter\Model->doInsert(Array)
#6 C:\prog\APIRECETAPP\system\Model.php(667): CodeIgniter\BaseModel->insert(Array, true)
#7 C:\prog\APIRECETAPP\app\Controllers\API\PlatoFuerte.php(45): CodeIgniter\Model->insert(Array)
#8 C:\prog\APIRECETAPP\system\CodeIgniter.php(927): App\Controllers\API\PlatoFuerte->create()
#9 C:\prog\APIRECETAPP\system\CodeIgniter.php(482): CodeIgniter\CodeIgniter->runController(Object(App\Controllers\API\PlatoFuerte))
#10 C:\prog\APIRECETAPP\system\CodeIgniter.php(351): CodeIgniter\CodeIgniter->handleRequest(NULL, Object(Config\Cache), false)
#11 C:\prog\APIRECETAPP\public\index.php(67): CodeIgniter\CodeIgniter->run()
#12 C:\prog\APIRECETAPP\system\Commands\Server\rewrite.php(46): require_once('C:\\prog\\APIRECE...')
#13 {main}
ERROR - 2022-10-31 18:11:16 --> mysqli_sql_exception: Duplicate entry '0' for key 'PRIMARY' in C:\prog\APIRECETAPP\system\Database\MySQLi\Connection.php:292
Stack trace:
#0 C:\prog\APIRECETAPP\system\Database\MySQLi\Connection.php(292): mysqli->query('INSERT INTO `pl...', 0)
#1 C:\prog\APIRECETAPP\system\Database\BaseConnection.php(666): CodeIgniter\Database\MySQLi\Connection->execute('INSERT INTO `pl...')
#2 C:\prog\APIRECETAPP\system\Database\BaseConnection.php(593): CodeIgniter\Database\BaseConnection->simpleQuery('INSERT INTO `pl...')
#3 C:\prog\APIRECETAPP\system\Database\BaseBuilder.php(1916): CodeIgniter\Database\BaseConnection->query('INSERT INTO `pl...', Array, false)
#4 C:\prog\APIRECETAPP\system\Model.php(279): CodeIgniter\Database\BaseBuilder->insert()
#5 C:\prog\APIRECETAPP\system\BaseModel.php(749): CodeIgniter\Model->doInsert(Array)
#6 C:\prog\APIRECETAPP\system\Model.php(667): CodeIgniter\BaseModel->insert(Array, true)
#7 C:\prog\APIRECETAPP\app\Controllers\API\PlatoFuerte.php(45): CodeIgniter\Model->insert(Array)
#8 C:\prog\APIRECETAPP\system\CodeIgniter.php(927): App\Controllers\API\PlatoFuerte->create()
#9 C:\prog\APIRECETAPP\system\CodeIgniter.php(482): CodeIgniter\CodeIgniter->runController(Object(App\Controllers\API\PlatoFuerte))
#10 C:\prog\APIRECETAPP\system\CodeIgniter.php(351): CodeIgniter\CodeIgniter->handleRequest(NULL, Object(Config\Cache), false)
#11 C:\prog\APIRECETAPP\public\index.php(67): CodeIgniter\CodeIgniter->run()
#12 C:\prog\APIRECETAPP\system\Commands\Server\rewrite.php(46): require_once('C:\\prog\\APIRECE...')
#13 {main}
ERROR - 2022-10-31 18:11:18 --> mysqli_sql_exception: Duplicate entry '0' for key 'PRIMARY' in C:\prog\APIRECETAPP\system\Database\MySQLi\Connection.php:292
Stack trace:
#0 C:\prog\APIRECETAPP\system\Database\MySQLi\Connection.php(292): mysqli->query('INSERT INTO `pl...', 0)
#1 C:\prog\APIRECETAPP\system\Database\BaseConnection.php(666): CodeIgniter\Database\MySQLi\Connection->execute('INSERT INTO `pl...')
#2 C:\prog\APIRECETAPP\system\Database\BaseConnection.php(593): CodeIgniter\Database\BaseConnection->simpleQuery('INSERT INTO `pl...')
#3 C:\prog\APIRECETAPP\system\Database\BaseBuilder.php(1916): CodeIgniter\Database\BaseConnection->query('INSERT INTO `pl...', Array, false)
#4 C:\prog\APIRECETAPP\system\Model.php(279): CodeIgniter\Database\BaseBuilder->insert()
#5 C:\prog\APIRECETAPP\system\BaseModel.php(749): CodeIgniter\Model->doInsert(Array)
#6 C:\prog\APIRECETAPP\system\Model.php(667): CodeIgniter\BaseModel->insert(Array, true)
#7 C:\prog\APIRECETAPP\app\Controllers\API\PlatoFuerte.php(45): CodeIgniter\Model->insert(Array)
#8 C:\prog\APIRECETAPP\system\CodeIgniter.php(927): App\Controllers\API\PlatoFuerte->create()
#9 C:\prog\APIRECETAPP\system\CodeIgniter.php(482): CodeIgniter\CodeIgniter->runController(Object(App\Controllers\API\PlatoFuerte))
#10 C:\prog\APIRECETAPP\system\CodeIgniter.php(351): CodeIgniter\CodeIgniter->handleRequest(NULL, Object(Config\Cache), false)
#11 C:\prog\APIRECETAPP\public\index.php(67): CodeIgniter\CodeIgniter->run()
#12 C:\prog\APIRECETAPP\system\Commands\Server\rewrite.php(46): require_once('C:\\prog\\APIRECE...')
#13 {main}
ERROR - 2022-10-31 18:12:42 --> mysqli_sql_exception: Duplicate entry '0' for key 'PRIMARY' in C:\prog\APIRECETAPP\system\Database\MySQLi\Connection.php:292
Stack trace:
#0 C:\prog\APIRECETAPP\system\Database\MySQLi\Connection.php(292): mysqli->query('INSERT INTO `pl...', 0)
#1 C:\prog\APIRECETAPP\system\Database\BaseConnection.php(666): CodeIgniter\Database\MySQLi\Connection->execute('INSERT INTO `pl...')
#2 C:\prog\APIRECETAPP\system\Database\BaseConnection.php(593): CodeIgniter\Database\BaseConnection->simpleQuery('INSERT INTO `pl...')
#3 C:\prog\APIRECETAPP\system\Database\BaseBuilder.php(1916): CodeIgniter\Database\BaseConnection->query('INSERT INTO `pl...', Array, false)
#4 C:\prog\APIRECETAPP\system\Model.php(279): CodeIgniter\Database\BaseBuilder->insert()
#5 C:\prog\APIRECETAPP\system\BaseModel.php(749): CodeIgniter\Model->doInsert(Array)
#6 C:\prog\APIRECETAPP\system\Model.php(667): CodeIgniter\BaseModel->insert(Array, true)
#7 C:\prog\APIRECETAPP\app\Controllers\API\PlatoFuerte.php(45): CodeIgniter\Model->insert(Array)
#8 C:\prog\APIRECETAPP\system\CodeIgniter.php(927): App\Controllers\API\PlatoFuerte->create()
#9 C:\prog\APIRECETAPP\system\CodeIgniter.php(482): CodeIgniter\CodeIgniter->runController(Object(App\Controllers\API\PlatoFuerte))
#10 C:\prog\APIRECETAPP\system\CodeIgniter.php(351): CodeIgniter\CodeIgniter->handleRequest(NULL, Object(Config\Cache), false)
#11 C:\prog\APIRECETAPP\public\index.php(67): CodeIgniter\CodeIgniter->run()
#12 C:\prog\APIRECETAPP\system\Commands\Server\rewrite.php(46): require_once('C:\\prog\\APIRECE...')
#13 {main}
ERROR - 2022-10-31 18:12:49 --> mysqli_sql_exception: Duplicate entry '0' for key 'PRIMARY' in C:\prog\APIRECETAPP\system\Database\MySQLi\Connection.php:292
Stack trace:
#0 C:\prog\APIRECETAPP\system\Database\MySQLi\Connection.php(292): mysqli->query('INSERT INTO `pl...', 0)
#1 C:\prog\APIRECETAPP\system\Database\BaseConnection.php(666): CodeIgniter\Database\MySQLi\Connection->execute('INSERT INTO `pl...')
#2 C:\prog\APIRECETAPP\system\Database\BaseConnection.php(593): CodeIgniter\Database\BaseConnection->simpleQuery('INSERT INTO `pl...')
#3 C:\prog\APIRECETAPP\system\Database\BaseBuilder.php(1916): CodeIgniter\Database\BaseConnection->query('INSERT INTO `pl...', Array, false)
#4 C:\prog\APIRECETAPP\system\Model.php(279): CodeIgniter\Database\BaseBuilder->insert()
#5 C:\prog\APIRECETAPP\system\BaseModel.php(749): CodeIgniter\Model->doInsert(Array)
#6 C:\prog\APIRECETAPP\system\Model.php(667): CodeIgniter\BaseModel->insert(Array, true)
#7 C:\prog\APIRECETAPP\app\Controllers\API\PlatoFuerte.php(45): CodeIgniter\Model->insert(Array)
#8 C:\prog\APIRECETAPP\system\CodeIgniter.php(927): App\Controllers\API\PlatoFuerte->create()
#9 C:\prog\APIRECETAPP\system\CodeIgniter.php(482): CodeIgniter\CodeIgniter->runController(Object(App\Controllers\API\PlatoFuerte))
#10 C:\prog\APIRECETAPP\system\CodeIgniter.php(351): CodeIgniter\CodeIgniter->handleRequest(NULL, Object(Config\Cache), false)
#11 C:\prog\APIRECETAPP\public\index.php(67): CodeIgniter\CodeIgniter->run()
#12 C:\prog\APIRECETAPP\system\Commands\Server\rewrite.php(46): require_once('C:\\prog\\APIRECE...')
#13 {main}
ERROR - 2022-10-31 18:12:57 --> mysqli_sql_exception: Duplicate entry '0' for key 'PRIMARY' in C:\prog\APIRECETAPP\system\Database\MySQLi\Connection.php:292
Stack trace:
#0 C:\prog\APIRECETAPP\system\Database\MySQLi\Connection.php(292): mysqli->query('INSERT INTO `pl...', 0)
#1 C:\prog\APIRECETAPP\system\Database\BaseConnection.php(666): CodeIgniter\Database\MySQLi\Connection->execute('INSERT INTO `pl...')
#2 C:\prog\APIRECETAPP\system\Database\BaseConnection.php(593): CodeIgniter\Database\BaseConnection->simpleQuery('INSERT INTO `pl...')
#3 C:\prog\APIRECETAPP\system\Database\BaseBuilder.php(1916): CodeIgniter\Database\BaseConnection->query('INSERT INTO `pl...', Array, false)
#4 C:\prog\APIRECETAPP\system\Model.php(279): CodeIgniter\Database\BaseBuilder->insert()
#5 C:\prog\APIRECETAPP\system\BaseModel.php(749): CodeIgniter\Model->doInsert(Array)
#6 C:\prog\APIRECETAPP\system\Model.php(667): CodeIgniter\BaseModel->insert(Array, true)
#7 C:\prog\APIRECETAPP\app\Controllers\API\PlatoFuerte.php(45): CodeIgniter\Model->insert(Array)
#8 C:\prog\APIRECETAPP\system\CodeIgniter.php(927): App\Controllers\API\PlatoFuerte->create()
#9 C:\prog\APIRECETAPP\system\CodeIgniter.php(482): CodeIgniter\CodeIgniter->runController(Object(App\Controllers\API\PlatoFuerte))
#10 C:\prog\APIRECETAPP\system\CodeIgniter.php(351): CodeIgniter\CodeIgniter->handleRequest(NULL, Object(Config\Cache), false)
#11 C:\prog\APIRECETAPP\public\index.php(67): CodeIgniter\CodeIgniter->run()
#12 C:\prog\APIRECETAPP\system\Commands\Server\rewrite.php(46): require_once('C:\\prog\\APIRECE...')
#13 {main}
ERROR - 2022-10-31 18:13:02 --> mysqli_sql_exception: Duplicate entry '0' for key 'PRIMARY' in C:\prog\APIRECETAPP\system\Database\MySQLi\Connection.php:292
Stack trace:
#0 C:\prog\APIRECETAPP\system\Database\MySQLi\Connection.php(292): mysqli->query('INSERT INTO `pl...', 0)
#1 C:\prog\APIRECETAPP\system\Database\BaseConnection.php(666): CodeIgniter\Database\MySQLi\Connection->execute('INSERT INTO `pl...')
#2 C:\prog\APIRECETAPP\system\Database\BaseConnection.php(593): CodeIgniter\Database\BaseConnection->simpleQuery('INSERT INTO `pl...')
#3 C:\prog\APIRECETAPP\system\Database\BaseBuilder.php(1916): CodeIgniter\Database\BaseConnection->query('INSERT INTO `pl...', Array, false)
#4 C:\prog\APIRECETAPP\system\Model.php(279): CodeIgniter\Database\BaseBuilder->insert()
#5 C:\prog\APIRECETAPP\system\BaseModel.php(749): CodeIgniter\Model->doInsert(Array)
#6 C:\prog\APIRECETAPP\system\Model.php(667): CodeIgniter\BaseModel->insert(Array, true)
#7 C:\prog\APIRECETAPP\app\Controllers\API\PlatoFuerte.php(45): CodeIgniter\Model->insert(Array)
#8 C:\prog\APIRECETAPP\system\CodeIgniter.php(927): App\Controllers\API\PlatoFuerte->create()
#9 C:\prog\APIRECETAPP\system\CodeIgniter.php(482): CodeIgniter\CodeIgniter->runController(Object(App\Controllers\API\PlatoFuerte))
#10 C:\prog\APIRECETAPP\system\CodeIgniter.php(351): CodeIgniter\CodeIgniter->handleRequest(NULL, Object(Config\Cache), false)
#11 C:\prog\APIRECETAPP\public\index.php(67): CodeIgniter\CodeIgniter->run()
#12 C:\prog\APIRECETAPP\system\Commands\Server\rewrite.php(46): require_once('C:\\prog\\APIRECE...')
#13 {main}
ERROR - 2022-10-31 18:14:01 --> mysqli_sql_exception: Duplicate entry '0' for key 'PRIMARY' in C:\prog\APIRECETAPP\system\Database\MySQLi\Connection.php:292
Stack trace:
#0 C:\prog\APIRECETAPP\system\Database\MySQLi\Connection.php(292): mysqli->query('INSERT INTO `pl...', 0)
#1 C:\prog\APIRECETAPP\system\Database\BaseConnection.php(666): CodeIgniter\Database\MySQLi\Connection->execute('INSERT INTO `pl...')
#2 C:\prog\APIRECETAPP\system\Database\BaseConnection.php(593): CodeIgniter\Database\BaseConnection->simpleQuery('INSERT INTO `pl...')
#3 C:\prog\APIRECETAPP\system\Database\BaseBuilder.php(1916): CodeIgniter\Database\BaseConnection->query('INSERT INTO `pl...', Array, false)
#4 C:\prog\APIRECETAPP\system\Model.php(279): CodeIgniter\Database\BaseBuilder->insert()
#5 C:\prog\APIRECETAPP\system\BaseModel.php(749): CodeIgniter\Model->doInsert(Array)
#6 C:\prog\APIRECETAPP\system\Model.php(667): CodeIgniter\BaseModel->insert(Array, true)
#7 C:\prog\APIRECETAPP\app\Controllers\API\PlatoFuerte.php(45): CodeIgniter\Model->insert(Array)
#8 C:\prog\APIRECETAPP\system\CodeIgniter.php(927): App\Controllers\API\PlatoFuerte->create()
#9 C:\prog\APIRECETAPP\system\CodeIgniter.php(482): CodeIgniter\CodeIgniter->runController(Object(App\Controllers\API\PlatoFuerte))
#10 C:\prog\APIRECETAPP\system\CodeIgniter.php(351): CodeIgniter\CodeIgniter->handleRequest(NULL, Object(Config\Cache), false)
#11 C:\prog\APIRECETAPP\public\index.php(67): CodeIgniter\CodeIgniter->run()
#12 C:\prog\APIRECETAPP\system\Commands\Server\rewrite.php(46): require_once('C:\\prog\\APIRECE...')
#13 {main}
ERROR - 2022-10-31 18:14:42 --> mysqli_sql_exception: Duplicate entry '0' for key 'PRIMARY' in C:\prog\APIRECETAPP\system\Database\MySQLi\Connection.php:292
Stack trace:
#0 C:\prog\APIRECETAPP\system\Database\MySQLi\Connection.php(292): mysqli->query('INSERT INTO `pl...', 0)
#1 C:\prog\APIRECETAPP\system\Database\BaseConnection.php(666): CodeIgniter\Database\MySQLi\Connection->execute('INSERT INTO `pl...')
#2 C:\prog\APIRECETAPP\system\Database\BaseConnection.php(593): CodeIgniter\Database\BaseConnection->simpleQuery('INSERT INTO `pl...')
#3 C:\prog\APIRECETAPP\system\Database\BaseBuilder.php(1916): CodeIgniter\Database\BaseConnection->query('INSERT INTO `pl...', Array, false)
#4 C:\prog\APIRECETAPP\system\Model.php(279): CodeIgniter\Database\BaseBuilder->insert()
#5 C:\prog\APIRECETAPP\system\BaseModel.php(749): CodeIgniter\Model->doInsert(Array)
#6 C:\prog\APIRECETAPP\system\Model.php(667): CodeIgniter\BaseModel->insert(Array, true)
#7 C:\prog\APIRECETAPP\app\Controllers\API\PlatoFuerte.php(46): CodeIgniter\Model->insert(Array)
#8 C:\prog\APIRECETAPP\system\CodeIgniter.php(927): App\Controllers\API\PlatoFuerte->create()
#9 C:\prog\APIRECETAPP\system\CodeIgniter.php(482): CodeIgniter\CodeIgniter->runController(Object(App\Controllers\API\PlatoFuerte))
#10 C:\prog\APIRECETAPP\system\CodeIgniter.php(351): CodeIgniter\CodeIgniter->handleRequest(NULL, Object(Config\Cache), false)
#11 C:\prog\APIRECETAPP\public\index.php(67): CodeIgniter\CodeIgniter->run()
#12 C:\prog\APIRECETAPP\system\Commands\Server\rewrite.php(46): require_once('C:\\prog\\APIRECE...')
#13 {main}
ERROR - 2022-10-31 18:14:44 --> mysqli_sql_exception: Duplicate entry '0' for key 'PRIMARY' in C:\prog\APIRECETAPP\system\Database\MySQLi\Connection.php:292
Stack trace:
#0 C:\prog\APIRECETAPP\system\Database\MySQLi\Connection.php(292): mysqli->query('INSERT INTO `pl...', 0)
#1 C:\prog\APIRECETAPP\system\Database\BaseConnection.php(666): CodeIgniter\Database\MySQLi\Connection->execute('INSERT INTO `pl...')
#2 C:\prog\APIRECETAPP\system\Database\BaseConnection.php(593): CodeIgniter\Database\BaseConnection->simpleQuery('INSERT INTO `pl...')
#3 C:\prog\APIRECETAPP\system\Database\BaseBuilder.php(1916): CodeIgniter\Database\BaseConnection->query('INSERT INTO `pl...', Array, false)
#4 C:\prog\APIRECETAPP\system\Model.php(279): CodeIgniter\Database\BaseBuilder->insert()
#5 C:\prog\APIRECETAPP\system\BaseModel.php(749): CodeIgniter\Model->doInsert(Array)
#6 C:\prog\APIRECETAPP\system\Model.php(667): CodeIgniter\BaseModel->insert(Array, true)
#7 C:\prog\APIRECETAPP\app\Controllers\API\PlatoFuerte.php(46): CodeIgniter\Model->insert(Array)
#8 C:\prog\APIRECETAPP\system\CodeIgniter.php(927): App\Controllers\API\PlatoFuerte->create()
#9 C:\prog\APIRECETAPP\system\CodeIgniter.php(482): CodeIgniter\CodeIgniter->runController(Object(App\Controllers\API\PlatoFuerte))
#10 C:\prog\APIRECETAPP\system\CodeIgniter.php(351): CodeIgniter\CodeIgniter->handleRequest(NULL, Object(Config\Cache), false)
#11 C:\prog\APIRECETAPP\public\index.php(67): CodeIgniter\CodeIgniter->run()
#12 C:\prog\APIRECETAPP\system\Commands\Server\rewrite.php(46): require_once('C:\\prog\\APIRECE...')
#13 {main}
ERROR - 2022-10-31 18:14:45 --> mysqli_sql_exception: Duplicate entry '0' for key 'PRIMARY' in C:\prog\APIRECETAPP\system\Database\MySQLi\Connection.php:292
Stack trace:
#0 C:\prog\APIRECETAPP\system\Database\MySQLi\Connection.php(292): mysqli->query('INSERT INTO `pl...', 0)
#1 C:\prog\APIRECETAPP\system\Database\BaseConnection.php(666): CodeIgniter\Database\MySQLi\Connection->execute('INSERT INTO `pl...')
#2 C:\prog\APIRECETAPP\system\Database\BaseConnection.php(593): CodeIgniter\Database\BaseConnection->simpleQuery('INSERT INTO `pl...')
#3 C:\prog\APIRECETAPP\system\Database\BaseBuilder.php(1916): CodeIgniter\Database\BaseConnection->query('INSERT INTO `pl...', Array, false)
#4 C:\prog\APIRECETAPP\system\Model.php(279): CodeIgniter\Database\BaseBuilder->insert()
#5 C:\prog\APIRECETAPP\system\BaseModel.php(749): CodeIgniter\Model->doInsert(Array)
#6 C:\prog\APIRECETAPP\system\Model.php(667): CodeIgniter\BaseModel->insert(Array, true)
#7 C:\prog\APIRECETAPP\app\Controllers\API\PlatoFuerte.php(46): CodeIgniter\Model->insert(Array)
#8 C:\prog\APIRECETAPP\system\CodeIgniter.php(927): App\Controllers\API\PlatoFuerte->create()
#9 C:\prog\APIRECETAPP\system\CodeIgniter.php(482): CodeIgniter\CodeIgniter->runController(Object(App\Controllers\API\PlatoFuerte))
#10 C:\prog\APIRECETAPP\system\CodeIgniter.php(351): CodeIgniter\CodeIgniter->handleRequest(NULL, Object(Config\Cache), false)
#11 C:\prog\APIRECETAPP\public\index.php(67): CodeIgniter\CodeIgniter->run()
#12 C:\prog\APIRECETAPP\system\Commands\Server\rewrite.php(46): require_once('C:\\prog\\APIRECE...')
#13 {main}
ERROR - 2022-10-31 18:15:19 --> mysqli_sql_exception: Duplicate entry '0' for key 'PRIMARY' in C:\prog\APIRECETAPP\system\Database\MySQLi\Connection.php:292
Stack trace:
#0 C:\prog\APIRECETAPP\system\Database\MySQLi\Connection.php(292): mysqli->query('INSERT INTO `pl...', 0)
#1 C:\prog\APIRECETAPP\system\Database\BaseConnection.php(666): CodeIgniter\Database\MySQLi\Connection->execute('INSERT INTO `pl...')
#2 C:\prog\APIRECETAPP\system\Database\BaseConnection.php(593): CodeIgniter\Database\BaseConnection->simpleQuery('INSERT INTO `pl...')
#3 C:\prog\APIRECETAPP\system\Database\BaseBuilder.php(1916): CodeIgniter\Database\BaseConnection->query('INSERT INTO `pl...', Array, false)
#4 C:\prog\APIRECETAPP\system\Model.php(279): CodeIgniter\Database\BaseBuilder->insert()
#5 C:\prog\APIRECETAPP\system\BaseModel.php(749): CodeIgniter\Model->doInsert(Array)
#6 C:\prog\APIRECETAPP\system\Model.php(667): CodeIgniter\BaseModel->insert(Array, true)
#7 C:\prog\APIRECETAPP\app\Controllers\API\PlatoFuerte.php(46): CodeIgniter\Model->insert(Array)
#8 C:\prog\APIRECETAPP\system\CodeIgniter.php(927): App\Controllers\API\PlatoFuerte->create()
#9 C:\prog\APIRECETAPP\system\CodeIgniter.php(482): CodeIgniter\CodeIgniter->runController(Object(App\Controllers\API\PlatoFuerte))
#10 C:\prog\APIRECETAPP\system\CodeIgniter.php(351): CodeIgniter\CodeIgniter->handleRequest(NULL, Object(Config\Cache), false)
#11 C:\prog\APIRECETAPP\public\index.php(67): CodeIgniter\CodeIgniter->run()
#12 C:\prog\APIRECETAPP\system\Commands\Server\rewrite.php(46): require_once('C:\\prog\\APIRECE...')
#13 {main}
ERROR - 2022-10-31 18:15:21 --> mysqli_sql_exception: Duplicate entry '0' for key 'PRIMARY' in C:\prog\APIRECETAPP\system\Database\MySQLi\Connection.php:292
Stack trace:
#0 C:\prog\APIRECETAPP\system\Database\MySQLi\Connection.php(292): mysqli->query('INSERT INTO `pl...', 0)
#1 C:\prog\APIRECETAPP\system\Database\BaseConnection.php(666): CodeIgniter\Database\MySQLi\Connection->execute('INSERT INTO `pl...')
#2 C:\prog\APIRECETAPP\system\Database\BaseConnection.php(593): CodeIgniter\Database\BaseConnection->simpleQuery('INSERT INTO `pl...')
#3 C:\prog\APIRECETAPP\system\Database\BaseBuilder.php(1916): CodeIgniter\Database\BaseConnection->query('INSERT INTO `pl...', Array, false)
#4 C:\prog\APIRECETAPP\system\Model.php(279): CodeIgniter\Database\BaseBuilder->insert()
#5 C:\prog\APIRECETAPP\system\BaseModel.php(749): CodeIgniter\Model->doInsert(Array)
#6 C:\prog\APIRECETAPP\system\Model.php(667): CodeIgniter\BaseModel->insert(Array, true)
#7 C:\prog\APIRECETAPP\app\Controllers\API\PlatoFuerte.php(46): CodeIgniter\Model->insert(Array)
#8 C:\prog\APIRECETAPP\system\CodeIgniter.php(927): App\Controllers\API\PlatoFuerte->create()
#9 C:\prog\APIRECETAPP\system\CodeIgniter.php(482): CodeIgniter\CodeIgniter->runController(Object(App\Controllers\API\PlatoFuerte))
#10 C:\prog\APIRECETAPP\system\CodeIgniter.php(351): CodeIgniter\CodeIgniter->handleRequest(NULL, Object(Config\Cache), false)
#11 C:\prog\APIRECETAPP\public\index.php(67): CodeIgniter\CodeIgniter->run()
#12 C:\prog\APIRECETAPP\system\Commands\Server\rewrite.php(46): require_once('C:\\prog\\APIRECE...')
#13 {main}
ERROR - 2022-10-31 18:15:22 --> mysqli_sql_exception: Duplicate entry '0' for key 'PRIMARY' in C:\prog\APIRECETAPP\system\Database\MySQLi\Connection.php:292
Stack trace:
#0 C:\prog\APIRECETAPP\system\Database\MySQLi\Connection.php(292): mysqli->query('INSERT INTO `pl...', 0)
#1 C:\prog\APIRECETAPP\system\Database\BaseConnection.php(666): CodeIgniter\Database\MySQLi\Connection->execute('INSERT INTO `pl...')
#2 C:\prog\APIRECETAPP\system\Database\BaseConnection.php(593): CodeIgniter\Database\BaseConnection->simpleQuery('INSERT INTO `pl...')
#3 C:\prog\APIRECETAPP\system\Database\BaseBuilder.php(1916): CodeIgniter\Database\BaseConnection->query('INSERT INTO `pl...', Array, false)
#4 C:\prog\APIRECETAPP\system\Model.php(279): CodeIgniter\Database\BaseBuilder->insert()
#5 C:\prog\APIRECETAPP\system\BaseModel.php(749): CodeIgniter\Model->doInsert(Array)
#6 C:\prog\APIRECETAPP\system\Model.php(667): CodeIgniter\BaseModel->insert(Array, true)
#7 C:\prog\APIRECETAPP\app\Controllers\API\PlatoFuerte.php(46): CodeIgniter\Model->insert(Array)
#8 C:\prog\APIRECETAPP\system\CodeIgniter.php(927): App\Controllers\API\PlatoFuerte->create()
#9 C:\prog\APIRECETAPP\system\CodeIgniter.php(482): CodeIgniter\CodeIgniter->runController(Object(App\Controllers\API\PlatoFuerte))
#10 C:\prog\APIRECETAPP\system\CodeIgniter.php(351): CodeIgniter\CodeIgniter->handleRequest(NULL, Object(Config\Cache), false)
#11 C:\prog\APIRECETAPP\public\index.php(67): CodeIgniter\CodeIgniter->run()
#12 C:\prog\APIRECETAPP\system\Commands\Server\rewrite.php(46): require_once('C:\\prog\\APIRECE...')
#13 {main}
ERROR - 2022-10-31 18:15:22 --> mysqli_sql_exception: Duplicate entry '0' for key 'PRIMARY' in C:\prog\APIRECETAPP\system\Database\MySQLi\Connection.php:292
Stack trace:
#0 C:\prog\APIRECETAPP\system\Database\MySQLi\Connection.php(292): mysqli->query('INSERT INTO `pl...', 0)
#1 C:\prog\APIRECETAPP\system\Database\BaseConnection.php(666): CodeIgniter\Database\MySQLi\Connection->execute('INSERT INTO `pl...')
#2 C:\prog\APIRECETAPP\system\Database\BaseConnection.php(593): CodeIgniter\Database\BaseConnection->simpleQuery('INSERT INTO `pl...')
#3 C:\prog\APIRECETAPP\system\Database\BaseBuilder.php(1916): CodeIgniter\Database\BaseConnection->query('INSERT INTO `pl...', Array, false)
#4 C:\prog\APIRECETAPP\system\Model.php(279): CodeIgniter\Database\BaseBuilder->insert()
#5 C:\prog\APIRECETAPP\system\BaseModel.php(749): CodeIgniter\Model->doInsert(Array)
#6 C:\prog\APIRECETAPP\system\Model.php(667): CodeIgniter\BaseModel->insert(Array, true)
#7 C:\prog\APIRECETAPP\app\Controllers\API\PlatoFuerte.php(46): CodeIgniter\Model->insert(Array)
#8 C:\prog\APIRECETAPP\system\CodeIgniter.php(927): App\Controllers\API\PlatoFuerte->create()
#9 C:\prog\APIRECETAPP\system\CodeIgniter.php(482): CodeIgniter\CodeIgniter->runController(Object(App\Controllers\API\PlatoFuerte))
#10 C:\prog\APIRECETAPP\system\CodeIgniter.php(351): CodeIgniter\CodeIgniter->handleRequest(NULL, Object(Config\Cache), false)
#11 C:\prog\APIRECETAPP\public\index.php(67): CodeIgniter\CodeIgniter->run()
#12 C:\prog\APIRECETAPP\system\Commands\Server\rewrite.php(46): require_once('C:\\prog\\APIRECE...')
#13 {main}
ERROR - 2022-10-31 18:15:23 --> mysqli_sql_exception: Duplicate entry '0' for key 'PRIMARY' in C:\prog\APIRECETAPP\system\Database\MySQLi\Connection.php:292
Stack trace:
#0 C:\prog\APIRECETAPP\system\Database\MySQLi\Connection.php(292): mysqli->query('INSERT INTO `pl...', 0)
#1 C:\prog\APIRECETAPP\system\Database\BaseConnection.php(666): CodeIgniter\Database\MySQLi\Connection->execute('INSERT INTO `pl...')
#2 C:\prog\APIRECETAPP\system\Database\BaseConnection.php(593): CodeIgniter\Database\BaseConnection->simpleQuery('INSERT INTO `pl...')
#3 C:\prog\APIRECETAPP\system\Database\BaseBuilder.php(1916): CodeIgniter\Database\BaseConnection->query('INSERT INTO `pl...', Array, false)
#4 C:\prog\APIRECETAPP\system\Model.php(279): CodeIgniter\Database\BaseBuilder->insert()
#5 C:\prog\APIRECETAPP\system\BaseModel.php(749): CodeIgniter\Model->doInsert(Array)
#6 C:\prog\APIRECETAPP\system\Model.php(667): CodeIgniter\BaseModel->insert(Array, true)
#7 C:\prog\APIRECETAPP\app\Controllers\API\PlatoFuerte.php(46): CodeIgniter\Model->insert(Array)
#8 C:\prog\APIRECETAPP\system\CodeIgniter.php(927): App\Controllers\API\PlatoFuerte->create()
#9 C:\prog\APIRECETAPP\system\CodeIgniter.php(482): CodeIgniter\CodeIgniter->runController(Object(App\Controllers\API\PlatoFuerte))
#10 C:\prog\APIRECETAPP\system\CodeIgniter.php(351): CodeIgniter\CodeIgniter->handleRequest(NULL, Object(Config\Cache), false)
#11 C:\prog\APIRECETAPP\public\index.php(67): CodeIgniter\CodeIgniter->run()
#12 C:\prog\APIRECETAPP\system\Commands\Server\rewrite.php(46): require_once('C:\\prog\\APIRECE...')
#13 {main}
ERROR - 2022-10-31 18:15:24 --> mysqli_sql_exception: Duplicate entry '0' for key 'PRIMARY' in C:\prog\APIRECETAPP\system\Database\MySQLi\Connection.php:292
Stack trace:
#0 C:\prog\APIRECETAPP\system\Database\MySQLi\Connection.php(292): mysqli->query('INSERT INTO `pl...', 0)
#1 C:\prog\APIRECETAPP\system\Database\BaseConnection.php(666): CodeIgniter\Database\MySQLi\Connection->execute('INSERT INTO `pl...')
#2 C:\prog\APIRECETAPP\system\Database\BaseConnection.php(593): CodeIgniter\Database\BaseConnection->simpleQuery('INSERT INTO `pl...')
#3 C:\prog\APIRECETAPP\system\Database\BaseBuilder.php(1916): CodeIgniter\Database\BaseConnection->query('INSERT INTO `pl...', Array, false)
#4 C:\prog\APIRECETAPP\system\Model.php(279): CodeIgniter\Database\BaseBuilder->insert()
#5 C:\prog\APIRECETAPP\system\BaseModel.php(749): CodeIgniter\Model->doInsert(Array)
#6 C:\prog\APIRECETAPP\system\Model.php(667): CodeIgniter\BaseModel->insert(Array, true)
#7 C:\prog\APIRECETAPP\app\Controllers\API\PlatoFuerte.php(46): CodeIgniter\Model->insert(Array)
#8 C:\prog\APIRECETAPP\system\CodeIgniter.php(927): App\Controllers\API\PlatoFuerte->create()
#9 C:\prog\APIRECETAPP\system\CodeIgniter.php(482): CodeIgniter\CodeIgniter->runController(Object(App\Controllers\API\PlatoFuerte))
#10 C:\prog\APIRECETAPP\system\CodeIgniter.php(351): CodeIgniter\CodeIgniter->handleRequest(NULL, Object(Config\Cache), false)
#11 C:\prog\APIRECETAPP\public\index.php(67): CodeIgniter\CodeIgniter->run()
#12 C:\prog\APIRECETAPP\system\Commands\Server\rewrite.php(46): require_once('C:\\prog\\APIRECE...')
#13 {main}
ERROR - 2022-10-31 18:15:25 --> mysqli_sql_exception: Duplicate entry '0' for key 'PRIMARY' in C:\prog\APIRECETAPP\system\Database\MySQLi\Connection.php:292
Stack trace:
#0 C:\prog\APIRECETAPP\system\Database\MySQLi\Connection.php(292): mysqli->query('INSERT INTO `pl...', 0)
#1 C:\prog\APIRECETAPP\system\Database\BaseConnection.php(666): CodeIgniter\Database\MySQLi\Connection->execute('INSERT INTO `pl...')
#2 C:\prog\APIRECETAPP\system\Database\BaseConnection.php(593): CodeIgniter\Database\BaseConnection->simpleQuery('INSERT INTO `pl...')
#3 C:\prog\APIRECETAPP\system\Database\BaseBuilder.php(1916): CodeIgniter\Database\BaseConnection->query('INSERT INTO `pl...', Array, false)
#4 C:\prog\APIRECETAPP\system\Model.php(279): CodeIgniter\Database\BaseBuilder->insert()
#5 C:\prog\APIRECETAPP\system\BaseModel.php(749): CodeIgniter\Model->doInsert(Array)
#6 C:\prog\APIRECETAPP\system\Model.php(667): CodeIgniter\BaseModel->insert(Array, true)
#7 C:\prog\APIRECETAPP\app\Controllers\API\PlatoFuerte.php(46): CodeIgniter\Model->insert(Array)
#8 C:\prog\APIRECETAPP\system\CodeIgniter.php(927): App\Controllers\API\PlatoFuerte->create()
#9 C:\prog\APIRECETAPP\system\CodeIgniter.php(482): CodeIgniter\CodeIgniter->runController(Object(App\Controllers\API\PlatoFuerte))
#10 C:\prog\APIRECETAPP\system\CodeIgniter.php(351): CodeIgniter\CodeIgniter->handleRequest(NULL, Object(Config\Cache), false)
#11 C:\prog\APIRECETAPP\public\index.php(67): CodeIgniter\CodeIgniter->run()
#12 C:\prog\APIRECETAPP\system\Commands\Server\rewrite.php(46): require_once('C:\\prog\\APIRECE...')
#13 {main}
ERROR - 2022-10-31 18:15:26 --> mysqli_sql_exception: Duplicate entry '0' for key 'PRIMARY' in C:\prog\APIRECETAPP\system\Database\MySQLi\Connection.php:292
Stack trace:
#0 C:\prog\APIRECETAPP\system\Database\MySQLi\Connection.php(292): mysqli->query('INSERT INTO `pl...', 0)
#1 C:\prog\APIRECETAPP\system\Database\BaseConnection.php(666): CodeIgniter\Database\MySQLi\Connection->execute('INSERT INTO `pl...')
#2 C:\prog\APIRECETAPP\system\Database\BaseConnection.php(593): CodeIgniter\Database\BaseConnection->simpleQuery('INSERT INTO `pl...')
#3 C:\prog\APIRECETAPP\system\Database\BaseBuilder.php(1916): CodeIgniter\Database\BaseConnection->query('INSERT INTO `pl...', Array, false)
#4 C:\prog\APIRECETAPP\system\Model.php(279): CodeIgniter\Database\BaseBuilder->insert()
#5 C:\prog\APIRECETAPP\system\BaseModel.php(749): CodeIgniter\Model->doInsert(Array)
#6 C:\prog\APIRECETAPP\system\Model.php(667): CodeIgniter\BaseModel->insert(Array, true)
#7 C:\prog\APIRECETAPP\app\Controllers\API\PlatoFuerte.php(46): CodeIgniter\Model->insert(Array)
#8 C:\prog\APIRECETAPP\system\CodeIgniter.php(927): App\Controllers\API\PlatoFuerte->create()
#9 C:\prog\APIRECETAPP\system\CodeIgniter.php(482): CodeIgniter\CodeIgniter->runController(Object(App\Controllers\API\PlatoFuerte))
#10 C:\prog\APIRECETAPP\system\CodeIgniter.php(351): CodeIgniter\CodeIgniter->handleRequest(NULL, Object(Config\Cache), false)
#11 C:\prog\APIRECETAPP\public\index.php(67): CodeIgniter\CodeIgniter->run()
#12 C:\prog\APIRECETAPP\system\Commands\Server\rewrite.php(46): require_once('C:\\prog\\APIRECE...')
#13 {main}
ERROR - 2022-10-31 18:15:27 --> mysqli_sql_exception: Duplicate entry '0' for key 'PRIMARY' in C:\prog\APIRECETAPP\system\Database\MySQLi\Connection.php:292
Stack trace:
#0 C:\prog\APIRECETAPP\system\Database\MySQLi\Connection.php(292): mysqli->query('INSERT INTO `pl...', 0)
#1 C:\prog\APIRECETAPP\system\Database\BaseConnection.php(666): CodeIgniter\Database\MySQLi\Connection->execute('INSERT INTO `pl...')
#2 C:\prog\APIRECETAPP\system\Database\BaseConnection.php(593): CodeIgniter\Database\BaseConnection->simpleQuery('INSERT INTO `pl...')
#3 C:\prog\APIRECETAPP\system\Database\BaseBuilder.php(1916): CodeIgniter\Database\BaseConnection->query('INSERT INTO `pl...', Array, false)
#4 C:\prog\APIRECETAPP\system\Model.php(279): CodeIgniter\Database\BaseBuilder->insert()
#5 C:\prog\APIRECETAPP\system\BaseModel.php(749): CodeIgniter\Model->doInsert(Array)
#6 C:\prog\APIRECETAPP\system\Model.php(667): CodeIgniter\BaseModel->insert(Array, true)
#7 C:\prog\APIRECETAPP\app\Controllers\API\PlatoFuerte.php(46): CodeIgniter\Model->insert(Array)
#8 C:\prog\APIRECETAPP\system\CodeIgniter.php(927): App\Controllers\API\PlatoFuerte->create()
#9 C:\prog\APIRECETAPP\system\CodeIgniter.php(482): CodeIgniter\CodeIgniter->runController(Object(App\Controllers\API\PlatoFuerte))
#10 C:\prog\APIRECETAPP\system\CodeIgniter.php(351): CodeIgniter\CodeIgniter->handleRequest(NULL, Object(Config\Cache), false)
#11 C:\prog\APIRECETAPP\public\index.php(67): CodeIgniter\CodeIgniter->run()
#12 C:\prog\APIRECETAPP\system\Commands\Server\rewrite.php(46): require_once('C:\\prog\\APIRECE...')
#13 {main}
ERROR - 2022-10-31 18:17:19 --> mysqli_sql_exception: Duplicate entry '0' for key 'PRIMARY' in C:\prog\APIRECETAPP\system\Database\MySQLi\Connection.php:292
Stack trace:
#0 C:\prog\APIRECETAPP\system\Database\MySQLi\Connection.php(292): mysqli->query('INSERT INTO `pl...', 0)
#1 C:\prog\APIRECETAPP\system\Database\BaseConnection.php(666): CodeIgniter\Database\MySQLi\Connection->execute('INSERT INTO `pl...')
#2 C:\prog\APIRECETAPP\system\Database\BaseConnection.php(593): CodeIgniter\Database\BaseConnection->simpleQuery('INSERT INTO `pl...')
#3 C:\prog\APIRECETAPP\system\Database\BaseBuilder.php(1916): CodeIgniter\Database\BaseConnection->query('INSERT INTO `pl...', Array, false)
#4 C:\prog\APIRECETAPP\system\Model.php(279): CodeIgniter\Database\BaseBuilder->insert()
#5 C:\prog\APIRECETAPP\system\BaseModel.php(749): CodeIgniter\Model->doInsert(Array)
#6 C:\prog\APIRECETAPP\system\Model.php(667): CodeIgniter\BaseModel->insert(Array, true)
#7 C:\prog\APIRECETAPP\app\Controllers\API\PlatoFuerte.php(46): CodeIgniter\Model->insert(Array)
#8 C:\prog\APIRECETAPP\system\CodeIgniter.php(927): App\Controllers\API\PlatoFuerte->create()
#9 C:\prog\APIRECETAPP\system\CodeIgniter.php(482): CodeIgniter\CodeIgniter->runController(Object(App\Controllers\API\PlatoFuerte))
#10 C:\prog\APIRECETAPP\system\CodeIgniter.php(351): CodeIgniter\CodeIgniter->handleRequest(NULL, Object(Config\Cache), false)
#11 C:\prog\APIRECETAPP\public\index.php(67): CodeIgniter\CodeIgniter->run()
#12 C:\prog\APIRECETAPP\system\Commands\Server\rewrite.php(46): require_once('C:\\prog\\APIRECE...')
#13 {main}
